#
# A fatal error has been detected by the Java Runtime Environment:
#
#  Internal Error (javaClasses.cpp:127), pid=8080, tid=6660
#  fatal error: Invalid layout of preloaded class
#
# JRE version:  (8.0_51-b16) (build )
# Java VM: Java HotSpot(TM) 64-Bit Server VM (25.51-b03 mixed mode windows-amd64 compressed oops)
# Failed to write core dump. Minidumps are not enabled by default on client versions of Windows
#
# If you would like to submit a bug report, please visit:
#   http://bugreport.java.com/bugreport/crash.jsp
#

---------------  T H R E A D  ---------------

Current thread (0x000000000222f000):  JavaThread "Unknown thread" [_thread_in_vm, id=6660, stack(0x0000000002450000,0x0000000002550000)]

Stack: [0x0000000002450000,0x0000000002550000]
Native frames: (J=compiled Java code, j=interpreted, Vv=VM code, C=native code)
V  [jvm.dll+0x32b4ca]
V  [jvm.dll+0x2797e3]
V  [jvm.dll+0x27a479]
V  [jvm.dll+0x2716e6]
V  [jvm.dll+0x67fc3]
V  [jvm.dll+0x680b3]
V  [jvm.dll+0x7d6da]
V  [jvm.dll+0x7da46]
V  [jvm.dll+0xf2087]
V  [jvm.dll+0xf2416]
V  [jvm.dll+0x20f077]
V  [jvm.dll+0x240d2a]
V  [jvm.dll+0x15b9a1]
C  [javaw.exe+0x217e]
C  [javaw.exe+0xcd37]
C  [javaw.exe+0xcdcb]
C  [kernel32.dll+0x159bd]
C  [ntdll.dll+0x2a2e1]


---------------  P R O C E S S  ---------------

Java Threads: ( => current thread )

Other Threads:

=>0x000000000222f000 (exited) JavaThread "Unknown thread" [_thread_in_vm, id=6660, stack(0x0000000002450000,0x0000000002550000)]

VM state:not at safepoint (not fully initialized)

VM Mutex/Monitor currently owned by a thread: None

GC Heap History (0 events):
No events

Deoptimization events (0 events):
No events

Internal exceptions (0 events):
No events

Events (10 events):
Event: 0.012 loading class java/lang/CharSequence done
Event: 0.012 loading class java/lang/String done
Event: 0.012 loading class java/lang/Class
Event: 0.012 loading class java/lang/reflect/AnnotatedElement
Event: 0.012 loading class java/lang/reflect/AnnotatedElement done
Event: 0.012 loading class java/lang/reflect/GenericDeclaration
Event: 0.012 loading class java/lang/reflect/GenericDeclaration done
Event: 0.012 loading class java/lang/reflect/Type
Event: 0.012 loading class java/lang/reflect/Type done
Event: 0.012 loading class java/lang/Class done


Dynamic libraries:
0x000000013f3c0000 - 0x000000013f3f7000 	D:\jdk1.8.0_51\bin\javaw.exe
0x0000000077a00000 - 0x0000000077baa000 	C:\Windows\SYSTEM32\ntdll.dll
0x00000000778e0000 - 0x00000000779ff000 	C:\Windows\system32\kernel32.dll
0x000007fefdac0000 - 0x000007fefdb2a000 	C:\Windows\system32\KERNELBASE.dll
0x000007fefe240000 - 0x000007fefe31b000 	C:\Windows\system32\ADVAPI32.dll
0x000007fefe5f0000 - 0x000007fefe68f000 	C:\Windows\system32\msvcrt.dll
0x000007fefe7a0000 - 0x000007fefe7bf000 	C:\Windows\SYSTEM32\sechost.dll
0x000007fefe950000 - 0x000007fefea7d000 	C:\Windows\system32\RPCRT4.dll
0x00000000777e0000 - 0x00000000778da000 	C:\Windows\system32\USER32.dll
0x000007fefdb40000 - 0x000007fefdba7000 	C:\Windows\system32\GDI32.dll
0x000007fefe230000 - 0x000007fefe23e000 	C:\Windows\system32\LPK.dll
0x000007fefe6a0000 - 0x000007fefe76a000 	C:\Windows\system32\USP10.dll
0x000007fefb2b0000 - 0x000007fefb4a4000 	C:\Windows\WinSxS\amd64_microsoft.windows.common-controls_6595b64144ccf1df_6.0.7601.18837_none_fa3b1e3d17594757\COMCTL32.dll
0x000007fefeb60000 - 0x000007fefebd1000 	C:\Windows\system32\SHLWAPI.dll
0x000007fefe770000 - 0x000007fefe79e000 	C:\Windows\system32\IMM32.DLL
0x000007fefe7c0000 - 0x000007fefe8c9000 	C:\Windows\system32\MSCTF.dll
0x000007fefd6c0000 - 0x000007fefd6ef000 	C:\Windows\system32\nvinitx.dll
0x000000000f000000 - 0x000000000f006000 	C:\Program Files\NVIDIA Corporation\CoProcManager\_etoured.dll
0x000007fef9ea0000 - 0x000007fef9eff000 	C:\Program Files\NVIDIA Corporation\CoProcManager\nvd3d9wrapx.dll
0x000007fefdbb0000 - 0x000007fefdd87000 	C:\Windows\system32\SETUPAPI.dll
0x000007fefda40000 - 0x000007fefda76000 	C:\Windows\system32\CFGMGR32.dll
0x000007fefea80000 - 0x000007fefeb57000 	C:\Windows\system32\OLEAUT32.dll
0x000007feffb00000 - 0x000007feffd03000 	C:\Windows\system32\ole32.dll
0x000007fefd7b0000 - 0x000007fefd7ca000 	C:\Windows\system32\DEVOBJ.dll
0x000007fef9d20000 - 0x000007fef9d66000 	C:\Program Files\NVIDIA Corporation\CoProcManager\nvdxgiwrapx.dll
0x0000000061f80000 - 0x0000000062052000 	D:\jdk1.8.0_51\jre\bin\msvcr100.dll
0x000000005b040000 - 0x000000005b8c3000 	D:\jdk1.8.0_51\jre\bin\server\jvm.dll
0x000007fefc370000 - 0x000007fefc379000 	C:\Windows\system32\WSOCK32.dll
0x000007fefebe0000 - 0x000007fefec2d000 	C:\Windows\system32\WS2_32.dll
0x000007fefe690000 - 0x000007fefe698000 	C:\Windows\system32\NSI.dll
0x000007fefaea0000 - 0x000007fefaedb000 	C:\Windows\system32\WINMM.dll
0x000007fefc820000 - 0x000007fefc82c000 	C:\Windows\system32\VERSION.dll
0x0000000077bd0000 - 0x0000000077bd7000 	C:\Windows\system32\PSAPI.DLL
0x000000006e2d0000 - 0x000000006e2df000 	D:\jdk1.8.0_51\jre\bin\verify.dll
0x000000006d4c0000 - 0x000000006d4e9000 	D:\jdk1.8.0_51\jre\bin\java.dll
0x000000006d3a0000 - 0x000000006d3b6000 	D:\jdk1.8.0_51\jre\bin\zip.dll
0x000007fef5030000 - 0x000007fef5155000 	C:\Windows\system32\dbghelp.dll

VM Arguments:
jvm_args: -Dfile.encoding=UTF-8 -Xbootclasspath:E:\android-sdk-windows\platforms\android-19\android.jar 
java_command: com.edu.nwsuaf.utils.WebSocketUtils
java_class_path (initial): E:\application_package\wei_ji_cheng2016.4.23\Agricultural\Agricultural\bin\classes;E:\application_package\wei_ji_cheng2016.4.23\Agricultural\Agricultural\libs\android-support-v4.jar;E:\application_package\wei_ji_cheng2016.4.23\Agricultural\Agricultural\libs\Java-WebSocket-1.3.1-SNAPSHOT.jar
Launcher Type: SUN_STANDARD

Environment Variables:
JAVA_HOME=D:\jdk1.8.0_51
CLASSPATH=.;D:\jdk1.8.0_51\jre\lib\rt.jar;.;E:\MySql\mysql-connector-java-5.1.8-bin.jar;E:\application_package\Idea_scala\location\bin;E:\application_package\Idea_scala\location\lib\dt.jar;E:\application_package\Idea_scala\location\lib\tools.jar.;
PATH=D:/jdk1.8.0_51/bin/../jre/bin/server;D:/jdk1.8.0_51/bin/../jre/bin;D:/jdk1.8.0_51/bin/../jre/lib/amd64;E:\Eclipse_SDK_ADT_Test\apache-ant-1.9.6\bin;D:\jdk1.8.0_51\bin;E:\android-sdk-windows\platform-tools;E:\android-sdk-windows\tools;C:\Program Files\Microsoft SQL Server\110\Tools\Binn\;C:\windows\system32;D:\python_installspace\python34;E:\application_package\Idea_scala\location\bin;E:\application_package\Idea_scala\location\bin;E:\application_package\Idea_scala\location\jre\bin;E:\CodeBlocks\MinGW\bin;;C:\Program Files (x86)\NVIDIA Corporation\PhysX\Common;E:\TortoiseSVN-1.9.4.27285-x64-svn-1.9.4\bin;E:\nodejs\;d:\python_installspace\python2.7\lib\site-packages\pywin32_system32;d:\python_installspace\python2.7\lib\site-packages\ann-1.1.2-win32.egg\bin;D:\python_installspace\Python2.7\Lib\site-packages\shared_libs;d:\python_installspace\python2.7\lib\site-packages\vplants.aml-1.2.0-py2.7-win32.egg\bin;d:\python_installspace\python2.7\lib\site-packages\mingw-5.1.4_4c-py2.7-win32.egg\bin;d:\python_installspace\python2.7\lib\site-packages\vplants.plantgl-2.19.0-py2.7-win32.egg\bin;d:\python_installspace\python2.7\lib\site-packages\qt4-4.8.5-py2.7-win32.egg\bin;d:\python_installspace\python2.7\lib\site-packages\cgal-4.0-win32.egg\bin;d:\python_installspace\python2.7\lib\site-packages\cmake-2.8.11.2-py2.7-win32.egg\bin;d:\python_installspace\python2.7\lib\site-packages\scons-2.3.0-py2.7-win32.egg\EGG-INFO\scripts;d:\python_installspace\python2.7\lib\site-packages\bisonflex-2.4.1_2.5.35-win32.egg\bin;d:\python_installspace\python2.7\lib\site-packages\qt4_dev-4.8.5-py2.7-win32.egg\bin;%R_HOME%;C:\Users\Mrdai\AppData\Roaming\npm;D:\eclipse-jee-neon\eclipse;
USERNAME=Mrdai
OS=Windows_NT
PROCESSOR_IDENTIFIER=Intel64 Family 6 Model 60 Stepping 3, GenuineIntel



---------------  S Y S T E M  ---------------

OS: Windows 7 , 64 bit Build 7601 (6.1.7601.23418)

CPU:total 4 (2 cores per cpu, 2 threads per core) family 6 model 60 stepping 3, cmov, cx8, fxsr, mmx, sse, sse2, sse3, ssse3, sse4.1, sse4.2, popcnt, avx, avx2, aes, clmul, erms, lzcnt, ht, tsc, tscinvbit, bmi1, bmi2

Memory: 4k page, physical 8295248k(4455080k free), swap 8293388k(4152672k free)

vm_info: Java HotSpot(TM) 64-Bit Server VM (25.51-b03) for windows-amd64 JRE (1.8.0_51-b16), built on Jun  8 2015 18:03:07 by "java_re" with MS VC++ 10.0 (VS2010)

time: Sun Oct 02 18:22:01 2016
elapsed time: 0 seconds (0d 0h 0m 0s)

